<?xml version="1.0" encoding="UTF-8"?>
<!-- Generated by org.testng.reporters.JUnitReportReporter -->
<testsuite hostname="DESKTOP-FIFHF5E" failures="0" tests="4" name="pageObject.LoginTest" time="15.755" errors="0" timestamp="2025-06-15T07:15:39 IST" skipped="0">
  <testcase classname="pageObject.LoginTest" name="InvalidLogin" time="2.725"/>
  <testcase classname="pageObject.LoginTest" name="testForgotLoginLink" time="3.572"/>
  <testcase classname="pageObject.LoginTest" name="testForgotPasswordLink" time="3.563"/>
  <testcase classname="pageObject.LoginTest" name="SuccessLogin" time="5.895"/>
</testsuite> <!-- pageObject.LoginTest -->
