<?xml version="1.0" encoding="UTF-8"?>
<!-- Generated by org.testng.reporters.JUnitReportReporter -->
<testsuite hostname="DESKTOP-FIFHF5E" failures="0" tests="1" name="pageObject.CheckoutTest" time="9.408" errors="0" timestamp="2025-06-15T07:16:48 IST" skipped="0">
  <testcase classname="pageObject.CheckoutTest" name="Checkout" time="9.408"/>
</testsuite> <!-- pageObject.CheckoutTest -->
