<?xml version="1.0" encoding="UTF-8"?>
<!-- Generated by org.testng.reporters.JUnitReportReporter -->
<testsuite hostname="DESKTOP-FIFHF5E" failures="0" tests="1" name="pageObject.CartTest" time="5.530" errors="0" timestamp="2025-06-15T07:17:04 IST" skipped="0">
  <testcase classname="pageObject.CartTest" name="testCartOperations" time="5.530"/>
</testsuite> <!-- pageObject.CartTest -->
