<?xml version="1.0" encoding="UTF-8"?>
<!-- Generated by org.testng.reporters.JUnitReportReporter -->
<testsuite hostname="DESKTOP-FIFHF5E" failures="0" tests="3" name="pageObject.ProductTest" time="3.225" errors="0" timestamp="2025-06-15T07:21:32 IST" skipped="0">
  <testcase classname="pageObject.ProductTest" name="verifyProductDetails" time="0.069"/>
  <testcase classname="pageObject.ProductTest" name="testAddToCart" time="0.139"/>
  <testcase classname="pageObject.ProductTest" name="testViewCart" time="3.017"/>
</testsuite> <!-- pageObject.ProductTest -->
