<?xml version="1.0" encoding="UTF-8"?>
<!-- Generated by org.testng.reporters.JUnitReportReporter -->
<testsuite hostname="DESKTOP-FIFHF5E" failures="0" tests="4" name="pageObject.FooterTest" time="19.068" errors="0" timestamp="2025-06-15T07:16:26 IST" skipped="0">
  <testcase classname="pageObject.FooterTest" name="verifyFooter" time="0.045"/>
  <testcase classname="pageObject.FooterTest" name="verifyFooterLinks" time="0.011"/>
  <testcase classname="pageObject.FooterTest" name="contactUsNavigation" time="2.343"/>
  <testcase classname="pageObject.FooterTest" name="socialPlatforms" time="16.669"/>
</testsuite> <!-- pageObject.FooterTest -->
