<?xml version="1.0" encoding="UTF-8"?>
<!-- Generated by org.testng.reporters.JUnitReportReporter -->
<testsuite hostname="DESKTOP-FIFHF5E" failures="0" tests="2" name="pageObject.HomeTest" time="2.594" errors="0" timestamp="2025-06-15T07:15:54 IST" skipped="0">
  <testcase classname="pageObject.HomeTest" name="categoryNavigation" time="1.052"/>
  <testcase classname="pageObject.HomeTest" name="searchFunctionality" time="1.542"/>
</testsuite> <!-- pageObject.HomeTest -->
